{"level":"info","message":"Hello world","service":"user-service"}
{"level":"info","message":"Hello world","service":"user-service"}
{"level":"info","message":"Hello world","service":"user-service"}
{"level":"info","message":"Hello world","service":"user-service"}
{"level":"info","message":"Hello world","service":"user-service"}
{"level":"info","message":"Hello world","service":"user-service"}
{"level":"info","message":"Hello world","service":"user-service"}
{"level":"info","message":"Hello world","service":"user-service"}
{"level":"info","message":"Hello world","service":"user-service"}
{"level":"info","message":"Hello world","service":"user-service"}
{"level":"info","message":"Hello world","service":"user-service"}
{"level":"info","message":"Hello world","service":"user-service"}
{"level":"info","message":"Hello world","service":"user-service"}
{"level":"info","message":"Hello world","service":"user-service"}
{"level":"info","message":"Hello world","service":"user-service"}
{"level":"info","message":"Hello world","service":"user-service"}
{"level":"info","message":"Hello world","service":"user-service"}
{"level":"info","message":"Hello world","service":"user-service"}
{"level":"info","message":"Hello world","service":"user-service"}
{"level":"info","message":"Hello world","service":"user-service"}
{"level":"info","message":"Hello world","service":"user-service"}
{"level":"info","message":"Hello world","service":"user-service"}
{"level":"info","message":"Hello world","service":"user-service"}
{"level":"info","message":"Hello world","service":"user-service"}
{"level":"info","message":"Connexion réussite à MongoDB!","service":"MongoDB"}
{"level":"info","message":"Connexion réussite à MongoDB!","service":"MongoDB"}
{"level":"info","message":"Connexion réussite à MongoDB!","service":"MongoDB"}
{"level":"info","message":"Bienvenue, vous etes connecté","service":"MongoDB"}
{"level":"info","message":"520504","service":"MongoDB"}
{"level":"info","message":"/images/adidasBlackPants.jpg","service":"MongoDB"}
{"level":"info","message":"Adidas","service":"MongoDB"}
{"level":"info","message":"Pantalons noires","service":"MongoDB"}
{"level":"info","message":"Medium","service":"MongoDB"}
{"level":"info","message":"39","service":"MongoDB"}
{"level":"info","message":"Un vetement a ete ajouter..","service":"MongoDB"}
