{"level":"info","message":"Connexion réussite à MongoDB!","service":"MongoDB"}
{"level":"info","message":"Bienvenue, vous etes connecté","service":"MongoDB"}
{"level":"info","message":"582945","service":"MongoDB"}
{"level":"info","message":"/images/nike_RedHoodie.jpg","service":"MongoDB"}
{"level":"info","message":"Nike","service":"MongoDB"}
{"level":"info","message":"Hoodie Rouge","service":"MongoDB"}
{"level":"info","message":"Medium","service":"MongoDB"}
{"level":"info","message":"45","service":"MongoDB"}
{"level":"info","message":"Un vetement a ete ajouter..","service":"MongoDB"}
{"level":"info","message":"582945","service":"MongoDB"}
{"level":"info","message":"/images/nike_RedHoodie.jpg","service":"MongoDB"}
{"level":"info","message":"Nike","service":"MongoDB"}
{"level":"info","message":"Hoodie Rouge","service":"MongoDB"}
{"level":"info","message":"Medium","service":"MongoDB"}
{"level":"info","message":"45","service":"MongoDB"}
{"level":"info","message":"Un vetement a ete ajouter..","service":"MongoDB"}
{"level":"info","message":"2408523","service":"MongoDB"}
{"level":"info","message":"/images/trapstarHoodieBlanc.jpg","service":"MongoDB"}
{"level":"info","message":"TrapStar","service":"MongoDB"}
{"level":"info","message":"Hoodie Blanc","service":"MongoDB"}
{"level":"info","message":"Large","service":"MongoDB"}
{"level":"info","message":"30","service":"MongoDB"}
{"level":"info","message":"Un vetement a ete ajouter..","service":"MongoDB"}
{"level":"info","message":"Connexion réussite à MongoDB!","service":"MongoDB"}
{"level":"info","message":"Bienvenue, vous etes connecté","service":"MongoDB"}
{"level":"info","message":"582945","service":"MongoDB"}
{"level":"info","message":"/images/nike_RedHoodie.jpg","service":"MongoDB"}
{"level":"info","message":"Nike","service":"MongoDB"}
{"level":"info","message":"Hoodie Rouge","service":"MongoDB"}
{"level":"info","message":"Medium","service":"MongoDB"}
{"level":"info","message":"45","service":"MongoDB"}
{"level":"info","message":"Un vetement a ete ajouter..","service":"MongoDB"}
{"level":"info","message":"Connexion réussite à MongoDB!","service":"MongoDB"}
{"level":"info","message":"Bienvenue, vous etes connecté","service":"MongoDB"}
{"level":"info","message":"2408523","service":"MongoDB"}
{"level":"info","message":"/images/trapstarHoodieBlanc.jpg","service":"MongoDB"}
{"level":"info","message":"TrapStar","service":"MongoDB"}
{"level":"info","message":"Hoodie Blanc","service":"MongoDB"}
{"level":"info","message":"Large","service":"MongoDB"}
{"level":"info","message":"30","service":"MongoDB"}
{"level":"info","message":"Un vetement a ete ajouter..","service":"MongoDB"}
{"level":"info","message":"520504","service":"MongoDB"}
{"level":"info","message":"/images/adidasBlackPants.jpg","service":"MongoDB"}
{"level":"info","message":"Adidas","service":"MongoDB"}
{"level":"info","message":"Pantalons noires","service":"MongoDB"}
{"level":"info","message":"Medium","service":"MongoDB"}
{"level":"info","message":"39","service":"MongoDB"}
{"level":"info","message":"Un vetement a ete ajouter..","service":"MongoDB"}
{"level":"info","message":"Connexion réussite à MongoDB!","service":"MongoDB"}
{"level":"info","message":"Bienvenue, vous etes connecté","service":"MongoDB"}
{"level":"info","message":"2408523","service":"MongoDB"}
{"level":"info","message":"/images/trapstarHoodieBlanc.jpg","service":"MongoDB"}
{"level":"info","message":"TrapStar","service":"MongoDB"}
{"level":"info","message":"Hoodie Blanc","service":"MongoDB"}
{"level":"info","message":"Large","service":"MongoDB"}
{"level":"info","message":"30","service":"MongoDB"}
{"level":"info","message":"Un vetement a ete ajouter..","service":"MongoDB"}
{"level":"info","message":"Connexion réussite à MongoDB!","service":"MongoDB"}
{"level":"info","message":"520504","service":"MongoDB"}
{"level":"info","message":"/images/adidasBlackPants.jpg","service":"MongoDB"}
{"level":"info","message":"Adidas","service":"MongoDB"}
{"level":"info","message":"Pantalons noires","service":"MongoDB"}
{"level":"info","message":"Medium","service":"MongoDB"}
{"level":"info","message":"39","service":"MongoDB"}
{"level":"info","message":"Un vetement a ete ajouter..","service":"MongoDB"}
{"level":"info","message":"Bienvenue, vous etes connecté","service":"MongoDB"}
{"$__":{"$versionError":null,"activePaths":{"paths":{},"states":{"default":{},"modify":{}}},"backup":{"activePaths":{"default":{"_id":true},"modify":{"description":true,"image":true,"marque_vetement":true,"nom_vetement":true,"prix":true,"quantite":true,"taille_vetement":true,"type_vetement":true,"vetement_id":true}},"validationError":null},"cachedRequired":{},"inserting":true,"op":null,"saveOptions":null,"savedState":{},"saving":null,"validating":null},"$isNew":false,"_doc":{"__v":0,"_id":"64628840692a0d8410441453","description":"TetsVEte","image":"/images/healing-shield.png","marque_vetement":"Nike","nom_vetement":"TEstNom","prix":56,"quantite":4,"taille_vetement":"Medium","type_vetement":"Shirt","vetement_id":"241697"},"level":"info","message":"Article creer:","service":"MongoDB"}
{"level":"info","message":"http://localhost:3000/reinitialiser-mdp/1/eyJhbGciOiJIUzI1NiIsInR5cCI6IkpXVCJ9.eyJlbWFpbCI6InllYXNzeGRAZ21haWwuY29tIiwiaWQiOiIxIiwiaWF0IjoxNjg0MTc5MTI4LCJleHAiOjE2ODQxNzk3Mjh9.9u14UnduBymFBKoSplXNNs--OdSAuknTQbHc1YJ2IuM","service":"MongoDB"}
{"level":"info","message":"Utilisateur trouver!:","service":"MongoDB"}
{"level":"info","message":"250 2.0.0 OK <SN6PR08MB48295B959F65AA92E52346ECA6789@SN6PR08MB4829.namprd08.prod.outlook.com> [Hostname=SN6PR08MB4829.namprd08.prod.outlook.com]","service":"MongoDB"}
{"level":"info","message":"Connexion réussite à MongoDB!","service":"MongoDB"}
{"level":"info","message":"http://localhost:3000/reinitialiser-mdp/1/eyJhbGciOiJIUzI1NiIsInR5cCI6IkpXVCJ9.eyJlbWFpbCI6InllYXNzeGRAZ21haWwuY29tIiwiaWQiOiIxIiwiaWF0IjoxNjg0MTc5MjU4LCJleHAiOjE2ODQxNzk4NTh9.T8AC7L5eU_zjAMbEaCu8heqC9bGMGmMmtxX7kqQsRzY","service":"MongoDB"}
{"level":"info","message":"Utilisateur trouver!:","service":"MongoDB"}
{"level":"info","message":"250 2.0.0 OK <SN6PR08MB4829EB5D3C1B9C9E3CA3409FA6789@SN6PR08MB4829.namprd08.prod.outlook.com> [Hostname=SN6PR08MB4829.namprd08.prod.outlook.com]","service":"MongoDB"}
{"level":"info","message":"http://localhost:3000/reinitialiser-mdp/1/eyJhbGciOiJIUzI1NiIsInR5cCI6IkpXVCJ9.eyJlbWFpbCI6InllYXNzeGRAZ21haWwuY29tIiwiaWQiOiIxIiwiaWF0IjoxNjg0MTc5Mjc3LCJleHAiOjE2ODQxNzk4Nzd9.OD48t_TQzzR0zArXhtzO7M3Pyfk2xd787Pw4FZFEmBk","service":"MongoDB"}
{"level":"info","message":"Utilisateur trouver!:","service":"MongoDB"}
{"level":"info","message":"250 2.0.0 OK <SN6PR08MB4829E2FED250486DEF732B4AA6789@SN6PR08MB4829.namprd08.prod.outlook.com> [Hostname=SN6PR08MB4829.namprd08.prod.outlook.com]","service":"MongoDB"}
{"$__":{"activePaths":{"paths":{"__v":"init","_id":"init","adresse":"init","courriel":"init","id":"init","nom":"init","password":"init","prenom":"init","telephone":"init"},"states":{"init":{"__v":true,"_id":true,"adresse":true,"courriel":true,"id":true,"nom":true,"password":true,"prenom":true,"telephone":true}}},"skipId":true},"$isNew":false,"_doc":{"__v":0,"_id":"6462864ef0db568b38c62bb1","adresse":"5748 Henri-Bourassa","courriel":"anatoliygregory230@gmail.com","id":"AyoF1984231","nom":"Ayoub","password":"$2b$10$q4M93tLkJ6wGsNbnAV.a2u8hQ.goNV2/FQpiwP2OHivSUq1PHRWZK","prenom":"Foshi","telephone":"4387567712"},"level":"info","message":"Utilisateur existe:","service":"MongoDB"}
{"level":"info","message":"http://localhost:3000/reinitialiser-mdp/1/eyJhbGciOiJIUzI1NiIsInR5cCI6IkpXVCJ9.eyJlbWFpbCI6InllYXNzeGRAZ21haWwuY29tIiwiaWQiOiIxIiwiaWF0IjoxNjg0MTc5MzgwLCJleHAiOjE2ODQxNzk5ODB9._dhsu4Bl4fkDTN3Pqrs-8tEcplU533oPG2TCP2g4k_o","service":"MongoDB"}
{"level":"info","message":"Utilisateur trouver!:","service":"MongoDB"}
{"level":"info","message":"250 2.0.0 OK <SN6PR08MB4829CA8584153D64CF155A22A6789@SN6PR08MB4829.namprd08.prod.outlook.com> [Hostname=SN6PR08MB4829.namprd08.prod.outlook.com]","service":"MongoDB"}
{"level":"info","message":"http://localhost:3000/reinitialiser-mdp/1/eyJhbGciOiJIUzI1NiIsInR5cCI6IkpXVCJ9.eyJlbWFpbCI6InllYXNzeGRAZ21haWwuY29tIiwiaWQiOiIxIiwiaWF0IjoxNjg0MTc5NDAxLCJleHAiOjE2ODQxODAwMDF9.J81ydIJ3ns4TvBILcFp5v6i9XUqXyDSaj96suW0Cqzg","service":"MongoDB"}
{"level":"info","message":"Utilisateur trouver!:","service":"MongoDB"}
{"level":"info","message":"250 2.0.0 OK <SN6PR08MB482923CA5092C180B0418A87A6789@SN6PR08MB4829.namprd08.prod.outlook.com> [Hostname=SN6PR08MB4829.namprd08.prod.outlook.com]","service":"MongoDB"}
{"level":"info","message":"http://localhost:3000/reinitialiser-mdp/1/eyJhbGciOiJIUzI1NiIsInR5cCI6IkpXVCJ9.eyJlbWFpbCI6InllYXNzeGRAZ21haWwuY29tIiwiaWQiOiIxIiwiaWF0IjoxNjg0MTc5NDEwLCJleHAiOjE2ODQxODAwMTB9.knaGwB5tDDoavFtg_eaB6BMAeTAt8Y2MWzY5ZzgjE44","service":"MongoDB"}
{"level":"info","message":"Erreur: utilisateur nexiste pas ou nest pas trouver","service":"MongoDB"}
{"level":"info","message":"Connexion réussite à MongoDB!","service":"MongoDB"}
{"level":"info","message":"http://localhost:3000/reinitialiser-mdp/1/eyJhbGciOiJIUzI1NiIsInR5cCI6IkpXVCJ9.eyJlbWFpbCI6InllYXNzeGRAZ21haWwuY29tIiwiaWQiOiIxIiwiaWF0IjoxNjg0MTc5NDgxLCJleHAiOjE2ODQxODAwODF9.pvRr2-qp4OBCCBQsu1JOIjxpfXSIQZKww6c_fZsm-tY","service":"MongoDB"}
{"level":"info","message":"Erreur: utilisateur nexiste pas ou nest pas trouver","service":"MongoDB"}
{"level":"info","message":"http://localhost:3000/reinitialiser-mdp/1/eyJhbGciOiJIUzI1NiIsInR5cCI6IkpXVCJ9.eyJlbWFpbCI6InllYXNzeGRAZ21haWwuY29tIiwiaWQiOiIxIiwiaWF0IjoxNjg0MTc5NDg5LCJleHAiOjE2ODQxODAwODl9.HSNyE6I_Zn6dgaVx5AT6BSePsY7V4p3kFdEtI8UaGIE","service":"MongoDB"}
{"level":"info","message":"Erreur: utilisateur nexiste pas ou nest pas trouver","service":"MongoDB"}
{"level":"info","message":"http://localhost:3000/reinitialiser-mdp/1/eyJhbGciOiJIUzI1NiIsInR5cCI6IkpXVCJ9.eyJlbWFpbCI6InllYXNzeGRAZ21haWwuY29tIiwiaWQiOiIxIiwiaWF0IjoxNjg0MTc5NTMzLCJleHAiOjE2ODQxODAxMzN9.v0_1gnrZkSCWauDGQ1iDP4qcvEucYrPw2a3RjaGIsCw","service":"MongoDB"}
{"level":"info","message":"Utilisateur trouver!:","service":"MongoDB"}
{"level":"info","message":"250 2.0.0 OK <SN6PR08MB48295ED8F6B2A3B013DFE60DA6789@SN6PR08MB4829.namprd08.prod.outlook.com> [Hostname=SN6PR08MB4829.namprd08.prod.outlook.com]","service":"MongoDB"}
{"level":"info","message":"Utilisateur dans la collection client a ete changer...","service":"MongoDB"}
{"level":"info","message":"Connexion réussite à MongoDB!","service":"MongoDB"}
{"level":"info","message":"http://localhost:3000/reinitialiser-mdp/1/eyJhbGciOiJIUzI1NiIsInR5cCI6IkpXVCJ9.eyJlbWFpbCI6InllYXNzeGRAZ21haWwuY29tIiwiaWQiOiIxIiwiaWF0IjoxNjg0MTc5NzAxLCJleHAiOjE2ODQxODAzMDF9.al6FZfqd2fWe_J8dVZbW3YVq-dJSIYVaFCVkoIVKtkE","service":"MongoDB"}
{"level":"info","message":"Utilisateur trouver!:","service":"MongoDB"}
{"level":"info","message":"250 2.0.0 OK <SN6PR08MB4829106662963C8473FF4E58A6789@SN6PR08MB4829.namprd08.prod.outlook.com> [Hostname=SN6PR08MB4829.namprd08.prod.outlook.com]","service":"MongoDB"}
{"level":"info","message":"Utilisateur dans la collection client a ete changer...","service":"MongoDB"}
{"level":"info","message":"http://localhost:3000/reinitialiser-mdp/1/eyJhbGciOiJIUzI1NiIsInR5cCI6IkpXVCJ9.eyJlbWFpbCI6InllYXNzeGRAZ21haWwuY29tIiwiaWQiOiIxIiwiaWF0IjoxNjg0MTc5ODI3LCJleHAiOjE2ODQxODA0Mjd9.VR2jd3czyeI6qJpznOBEuj6YNj7gONfbKCmK6W-76lM","service":"MongoDB"}
{"level":"info","message":"Utilisateur trouver!:","service":"MongoDB"}
{"level":"info","message":"250 2.0.0 OK <SN6PR08MB48295376A6E26D10A9D599F2A6789@SN6PR08MB4829.namprd08.prod.outlook.com> [Hostname=SN6PR08MB4829.namprd08.prod.outlook.com]","service":"MongoDB"}
{"level":"info","message":"Connexion réussite à MongoDB!","service":"MongoDB"}
{"level":"info","message":"Connexion réussite à MongoDB!","service":"MongoDB"}
{"level":"info","message":"Email sent: 250 2.0.0 OK <BN7PR08MB4468658511D1B42F0DB97A24C6789@BN7PR08MB4468.namprd08.prod.outlook.com> [Hostname=BN7PR08MB4468.namprd08.prod.outlook.com]","service":"MongoDB"}
{"level":"info","message":"Email sent: 250 2.0.0 OK <BN7PR08MB44683010088F8C5BC50C582AC6789@BN7PR08MB4468.namprd08.prod.outlook.com> [Hostname=BN7PR08MB4468.namprd08.prod.outlook.com]","service":"MongoDB"}
{"level":"info","message":"Bienvenue, vous etes connecté","service":"MongoDB"}
{"level":"info","message":"Bienvenue, vous etes connecté","service":"MongoDB"}
{"$__":{"$versionError":null,"activePaths":{"paths":{},"states":{"default":{},"modify":{}}},"backup":{"activePaths":{"default":{"_id":true},"modify":{"description":true,"image":true,"marque_vetement":true,"nom_vetement":true,"prix":true,"quantite":true,"taille_vetement":true,"type_vetement":true,"vetement_id":true}},"validationError":null},"cachedRequired":{},"inserting":true,"op":null,"saveOptions":null,"savedState":{},"saving":null,"validating":null},"$isNew":false,"_doc":{"__v":0,"_id":"64629ce2851f62fc3241eff3","description":"jeune homme","image":"/images/Screenshot 2022-12-08 193642.png","marque_vetement":"Nike","nom_vetement":"Lotfi","prix":1000,"quantite":1,"taille_vetement":"XXX-Large","type_vetement":"Pantalon","vetement_id":"307280"},"level":"info","message":"Article creer:","service":"MongoDB"}
{"level":"info","message":"2408523","service":"MongoDB"}
{"level":"info","message":"/images/trapstarHoodieBlanc.jpg","service":"MongoDB"}
{"level":"info","message":"TrapStar","service":"MongoDB"}
{"level":"info","message":"Hoodie Blanc","service":"MongoDB"}
{"level":"info","message":"Large","service":"MongoDB"}
{"level":"info","message":"30","service":"MongoDB"}
{"level":"info","message":"Un vetement a ete ajouter..","service":"MongoDB"}
{"level":"info","message":"Bienvenue, vous etes connecté","service":"MongoDB"}
{"level":"info","message":"Bienvenue, vous etes connecté","service":"MongoDB"}
{"level":"info","message":"Bienvenue, vous etes connecté","service":"MongoDB"}
{"level":"info","message":"127935","service":"MongoDB"}
{"level":"info","message":"/images/gucciTrackPants.jpg","service":"MongoDB"}
{"level":"info","message":"Gucci","service":"MongoDB"}
{"level":"info","message":"Pantalons sportifs","service":"MongoDB"}
{"level":"info","message":"Large","service":"MongoDB"}
{"level":"info","message":"40","service":"MongoDB"}
{"level":"info","message":"Un vetement a ete ajouter..","service":"MongoDB"}
{"level":"info","message":"http://localhost:3000/reinitialiser-mdp/1/eyJhbGciOiJIUzI1NiIsInR5cCI6IkpXVCJ9.eyJlbWFpbCI6InllYXNzeGRAZ21haWwuY29tIiwiaWQiOiIxIiwiaWF0IjoxNjg0MTg1MDQxLCJleHAiOjE2ODQxODU2NDF9.BheXSFM4LphUXCZEeseFd4Kavf8Lk3Vezmnv21ALOqA","service":"MongoDB"}
{"level":"info","message":"Utilisateur trouver!:","service":"MongoDB"}
{"level":"info","message":"250 2.0.0 OK <SN6PR08MB48299ABB58B7F87570206A49A6789@SN6PR08MB4829.namprd08.prod.outlook.com> [Hostname=SN6PR08MB4829.namprd08.prod.outlook.com]","service":"MongoDB"}
{"$__":{"activePaths":{"paths":{"__v":"init","_id":"init","adresse":"init","courriel":"init","id":"init","nom":"init","password":"init","prenom":"init","telephone":"init"},"states":{"init":{"__v":true,"_id":true,"adresse":true,"courriel":true,"id":true,"nom":true,"password":true,"prenom":true,"telephone":true}}},"skipId":true},"$isNew":false,"_doc":{"__v":0,"_id":"6462864ef0db568b38c62bb1","adresse":"5748 Henri-Bourassa","courriel":"anatoliygregory230@gmail.com","id":"AyoF1984231","nom":"Ayoub","password":"$2b$10$q4M93tLkJ6wGsNbnAV.a2u8hQ.goNV2/FQpiwP2OHivSUq1PHRWZK","prenom":"Foshi","telephone":"4387567712"},"level":"info","message":"Utilisateur existe:","service":"MongoDB"}
{"level":"info","message":"http://localhost:3000/reinitialiser-mdp/1/eyJhbGciOiJIUzI1NiIsInR5cCI6IkpXVCJ9.eyJlbWFpbCI6InllYXNzeGRAZ21haWwuY29tIiwiaWQiOiIxIiwiaWF0IjoxNjg0MTg1MTQ5LCJleHAiOjE2ODQxODU3NDl9.vzuAjkeTiktxaCkv61L8p28ijT_c-ILtyC6jtwI3Okg","service":"MongoDB"}
{"level":"info","message":"Utilisateur trouver!:","service":"MongoDB"}
{"level":"info","message":"250 2.0.0 OK <SN6PR08MB4829C11CE9F9D70E63DBE6B9A6789@SN6PR08MB4829.namprd08.prod.outlook.com> [Hostname=SN6PR08MB4829.namprd08.prod.outlook.com]","service":"MongoDB"}
{"level":"info","message":"Utilisateur dans la collection client a ete changer...","service":"MongoDB"}
{"level":"info","message":"Bienvenue, vous etes connecté","service":"MongoDB"}
{"level":"info","message":"Bienvenue, vous etes connecté","service":"MongoDB"}
{"level":"info","message":"127935","service":"MongoDB"}
{"level":"info","message":"/images/gucciTrackPants.jpg","service":"MongoDB"}
{"level":"info","message":"Gucci","service":"MongoDB"}
{"level":"info","message":"Pantalons sportifs","service":"MongoDB"}
{"level":"info","message":"Large","service":"MongoDB"}
{"level":"info","message":"40","service":"MongoDB"}
{"level":"info","message":"Un vetement a ete ajouter..","service":"MongoDB"}
{"level":"info","message":"Connexion réussite à MongoDB!","service":"MongoDB"}
{"level":"info","message":"Bienvenue, vous etes connecté","service":"MongoDB"}
{"level":"info","message":"581953","service":"MongoDB"}
{"level":"info","message":"/images/pumaBlueShirt.jpg","service":"MongoDB"}
{"level":"info","message":"Puma","service":"MongoDB"}
{"level":"info","message":"Shirt Bleu","service":"MongoDB"}
{"level":"info","message":"Petit","service":"MongoDB"}
{"level":"info","message":"20","service":"MongoDB"}
{"level":"info","message":"Un vetement a ete ajouter..","service":"MongoDB"}
{"level":"info","message":"http://localhost:3000/reinitialiser-mdp/1/eyJhbGciOiJIUzI1NiIsInR5cCI6IkpXVCJ9.eyJlbWFpbCI6InllYXNzeGRAZ21haWwuY29tIiwiaWQiOiIxIiwiaWF0IjoxNjg0MjAxNzg0LCJleHAiOjE2ODQyMDIzODR9.nB_yjp2FfhovN0uW2m_8kOPk2ECyTv-2vCSjOmJ-ZbM","service":"MongoDB"}
{"level":"info","message":"Utilisateur trouver!:","service":"MongoDB"}
{"level":"info","message":"250 2.0.0 OK <SN6PR08MB482988983453804CE942991DA6799@SN6PR08MB4829.namprd08.prod.outlook.com> [Hostname=SN6PR08MB4829.namprd08.prod.outlook.com]","service":"MongoDB"}
{"level":"info","message":"Utilisateur dans la collection client a ete changer...","service":"MongoDB"}
{"level":"info","message":"Bienvenue, vous etes connecté","service":"MongoDB"}
{"level":"info","message":"Bienvenue, vous etes connecté","service":"MongoDB"}
{"$__":{"$versionError":null,"activePaths":{"paths":{},"states":{"default":{},"modify":{}}},"backup":{"activePaths":{"default":{"_id":true},"modify":{"description":true,"image":true,"marque_vetement":true,"nom_vetement":true,"prix":true,"quantite":true,"taille_vetement":true,"type_vetement":true,"vetement_id":true}},"validationError":null},"cachedRequired":{},"inserting":true,"op":null,"saveOptions":null,"savedState":{},"saving":null,"validating":null},"$isNew":false,"_doc":{"__v":0,"_id":"6462e1cd7ec85752226b9583","description":"geg","image":"/images/healing-shield.png","marque_vetement":"Puma","nom_vetement":"wfwdf","prix":44,"quantite":5,"taille_vetement":"Petit","type_vetement":"Pantalon","vetement_id":"335102"},"level":"info","message":"Article creer:","service":"MongoDB"}
{"level":"info","message":"2408523","service":"MongoDB"}
{"level":"info","message":"/images/trapstarHoodieBlanc.jpg","service":"MongoDB"}
{"level":"info","message":"TrapStar","service":"MongoDB"}
{"level":"info","message":"Hoodie Blanc","service":"MongoDB"}
{"level":"info","message":"Large","service":"MongoDB"}
{"level":"info","message":"30","service":"MongoDB"}
{"level":"info","message":"Un vetement a ete ajouter..","service":"MongoDB"}
{"level":"info","message":"647944","service":"MongoDB"}
{"level":"info","message":"/images/nikeGreyPants.jpg","service":"MongoDB"}
{"level":"info","message":"Nike","service":"MongoDB"}
{"level":"info","message":"Pantalons Gris","service":"MongoDB"}
{"level":"info","message":"Medium","service":"MongoDB"}
{"level":"info","message":"30","service":"MongoDB"}
{"level":"info","message":"Un vetement a ete ajouter..","service":"MongoDB"}
